Using device: cuda:0
| Distributed init (rank 0): env://, local_rank 0
ggpu238:3242538:3242538 [0] NCCL INFO Bootstrap : Using ib0:10.245.149.36<0>
ggpu238:3242538:3242538 [0] NCCL INFO NET/Plugin: No plugin found (libnccl-net.so)
ggpu238:3242538:3242538 [0] NCCL INFO NET/Plugin: Plugin load returned 2 : libnccl-net.so: cannot open shared object file: No such file or directory : when loading libnccl-net.so
ggpu238:3242538:3242538 [0] NCCL INFO NET/Plugin: Using internal network plugin.
ggpu238:3242538:3242538 [0] NCCL INFO cudaDriverVersion 12040
NCCL version 2.21.5+cuda12.4
ggpu238:3242538:3242550 [0] NCCL INFO NET/IB : Using [0]mlx5_0:1/IB [1]mlx5_1:1/IB [RO]; OOB ib0:10.245.149.36<0>
ggpu238:3242538:3242550 [0] NCCL INFO Using non-device net plugin version 0
ggpu238:3242538:3242550 [0] NCCL INFO Using network IB
ggpu238:3242538:3242550 [0] NCCL INFO ncclCommInitRank comm 0xaf32440 rank 0 nranks 1 cudaDev 0 nvmlDev 0 busId 1b000 commId 0x12671e101c448225 - Init START
ggpu238:3242538:3242550 [0] NCCL INFO Setting affinity for GPU 0 to ff,00000000,00000000,000000ff
ggpu238:3242538:3242550 [0] NCCL INFO comm 0xaf32440 rank 0 nRanks 1 nNodes 1 localRanks 1 localRank 0 MNNVL 0
ggpu238:3242538:3242550 [0] NCCL INFO Channel 00/32 :    0
ggpu238:3242538:3242550 [0] NCCL INFO Channel 01/32 :    0
ggpu238:3242538:3242550 [0] NCCL INFO Channel 02/32 :    0
ggpu238:3242538:3242550 [0] NCCL INFO Channel 03/32 :    0
ggpu238:3242538:3242550 [0] NCCL INFO Channel 04/32 :    0
ggpu238:3242538:3242550 [0] NCCL INFO Channel 05/32 :    0
ggpu238:3242538:3242550 [0] NCCL INFO Channel 06/32 :    0
ggpu238:3242538:3242550 [0] NCCL INFO Channel 07/32 :    0
ggpu238:3242538:3242550 [0] NCCL INFO Channel 08/32 :    0
ggpu238:3242538:3242550 [0] NCCL INFO Channel 09/32 :    0
ggpu238:3242538:3242550 [0] NCCL INFO Channel 10/32 :    0
ggpu238:3242538:3242550 [0] NCCL INFO Channel 11/32 :    0
ggpu238:3242538:3242550 [0] NCCL INFO Channel 12/32 :    0
ggpu238:3242538:3242550 [0] NCCL INFO Channel 13/32 :    0
ggpu238:3242538:3242550 [0] NCCL INFO Channel 14/32 :    0
ggpu238:3242538:3242550 [0] NCCL INFO Channel 15/32 :    0
ggpu238:3242538:3242550 [0] NCCL INFO Channel 16/32 :    0
ggpu238:3242538:3242550 [0] NCCL INFO Channel 17/32 :    0
ggpu238:3242538:3242550 [0] NCCL INFO Channel 18/32 :    0
ggpu238:3242538:3242550 [0] NCCL INFO Channel 19/32 :    0
ggpu238:3242538:3242550 [0] NCCL INFO Channel 20/32 :    0
ggpu238:3242538:3242550 [0] NCCL INFO Channel 21/32 :    0
ggpu238:3242538:3242550 [0] NCCL INFO Channel 22/32 :    0
ggpu238:3242538:3242550 [0] NCCL INFO Channel 23/32 :    0
ggpu238:3242538:3242550 [0] NCCL INFO Channel 24/32 :    0
ggpu238:3242538:3242550 [0] NCCL INFO Channel 25/32 :    0
ggpu238:3242538:3242550 [0] NCCL INFO Channel 26/32 :    0
ggpu238:3242538:3242550 [0] NCCL INFO Channel 27/32 :    0
ggpu238:3242538:3242550 [0] NCCL INFO Channel 28/32 :    0
ggpu238:3242538:3242550 [0] NCCL INFO Channel 29/32 :    0
ggpu238:3242538:3242550 [0] NCCL INFO Channel 30/32 :    0
ggpu238:3242538:3242550 [0] NCCL INFO Channel 31/32 :    0
ggpu238:3242538:3242550 [0] NCCL INFO Trees [0] -1/-1/-1->0->-1 [1] -1/-1/-1->0->-1 [2] -1/-1/-1->0->-1 [3] -1/-1/-1->0->-1 [4] -1/-1/-1->0->-1 [5] -1/-1/-1->0->-1 [6] -1/-1/-1->0->-1 [7] -1/-1/-1->0->-1 [8] -1/-1/-1->0->-1 [9] -1/-1/-1->0->-1 [10] -1/-1/-1->0->-1 [11] -1/-1/-1->0->-1 [12] -1/-1/-1->0->-1 [13] -1/-1/-1->0->-1 [14] -1/-1/-1->0->-1 [15] -1/-1/-1->0->-1 [16] -1/-1/-1->0->-1 [17] -1/-1/-1->0->-1 [18] -1/-1/-1->0->-1 [19] -1/-1/-1->0->-1 [20] -1/-1/-1->0->-1 [21] -1/-1/-1->0->-1 [22] -1/-1/-1->0->-1 [23] -1/-1/-1->0->-1 [24] -1/-1/-1->0->-1 [25] -1/-1/-1->0->-1 [26] -1/-1/-1->0->-1 [27] -1/-1/-1->0->-1 [28] -1/-1/-1->0->-1 [29] -1/-1/-1->0->-1 [30] -1/-1/-1->0->-1 [31] -1/-1/-1->0->-1
ggpu238:3242538:3242550 [0] NCCL INFO P2P Chunksize set to 131072
ggpu238:3242538:3242550 [0] NCCL INFO Connected all rings
ggpu238:3242538:3242550 [0] NCCL INFO Connected all trees
ggpu238:3242538:3242550 [0] NCCL INFO 32 coll channels, 32 collnet channels, 0 nvls channels, 32 p2p channels, 32 p2p channels per peer
ggpu238:3242538:3242550 [0] NCCL INFO TUNER/Plugin: Plugin load returned 11 : libnccl-net.so: cannot open shared object file: No such file or directory : when loading libnccl-tuner.so
ggpu238:3242538:3242550 [0] NCCL INFO TUNER/Plugin: Using internal tuner plugin.
ggpu238:3242538:3242550 [0] NCCL INFO ncclCommInitRank comm 0xaf32440 rank 0 nranks 1 cudaDev 0 nvmlDev 0 busId 1b000 commId 0x12671e101c448225 - Init COMPLETE
[17:21:20.983450] Initialized process 0 with world size 1
ggpu238:3242538:3242553 [0] NCCL INFO [Service thread] Connection closed by localRank 0
ggpu238:3242538:3242560 [0] NCCL INFO comm 0xaf32440 rank 0 nranks 1 cudaDev 0 busId 1b000 - Abort COMPLETE
